<?xml version="1.0" encoding="UTF-8"?>
<!-- Generated by org.testng.reporters.JUnitXMLReporter -->
<testsuite ignored="0" hostname="LAPTOP-O0RL6D68" failures="1" tests="1" name="Feature Test" time="5.027" errors="0" timestamp="13 Apr 2023 02:12:20 GMT">
  <testcase classname="package1.Testcase1" name="VerifyRadioButton" time="0.115">
    <failure type="java.lang.AssertionError" message="expected [true] but found [false]">
      <![CDATA[java.lang.AssertionError: expected [true] but found [false]
at package1.Testcase1.VerifyRadioButton(Testcase1.java:35)
at java.base/java.util.concurrent.FutureTask.run(FutureTask.java:264)
at java.base/java.util.concurrent.ThreadPoolExecutor.runWorker(ThreadPoolExecutor.java:1136)
at java.base/java.util.concurrent.ThreadPoolExecutor$Worker.run(ThreadPoolExecutor.java:635)
at java.base/java.lang.Thread.run(Thread.java:833)
... Removed 20 stack frames]]>
    </failure>
  </testcase> <!-- VerifyRadioButton -->
</testsuite> <!-- Feature Test -->
