<?xml version="1.0" encoding="UTF-8"?>
<testng-results ignored="0" total="1" passed="1" failed="0" skipped="0">
  <reporter-output>
  </reporter-output>
  <suite started-at="2023-04-17T06:40:56Z" name="Default suite" finished-at="2023-04-17T06:41:00Z" duration-ms="3847">
    <groups>
    </groups>
    <test started-at="2023-04-17T06:40:56Z" name="Default test" finished-at="2023-04-17T06:41:00Z" duration-ms="3847">
      <class name="Assignments.SoftAssertExample">
        <test-method is-config="true" signature="Frames()[pri:0, instance:Assignments.SoftAssertExample@56673b2c]" started-at="2023-04-17T06:40:56Z" name="Frames" finished-at="2023-04-17T06:40:59Z" duration-ms="2229" status="PASS">
          <reporter-output>
          </reporter-output>
        </test-method> <!-- Frames -->
        <test-method signature="VerifyTextUsingSoftAssert()[pri:0, instance:Assignments.SoftAssertExample@56673b2c]" started-at="2023-04-17T06:40:59Z" name="VerifyTextUsingSoftAssert" finished-at="2023-04-17T06:41:00Z" duration-ms="1598" status="PASS">
          <reporter-output>
          </reporter-output>
        </test-method> <!-- VerifyTextUsingSoftAssert -->
      </class> <!-- Assignments.SoftAssertExample -->
    </test> <!-- Default test -->
  </suite> <!-- Default suite -->
</testng-results>
